{"/opt/lampp/htdocs/nest-api/src/app.controller.ts": {"path":"/opt/lampp/htdocs/nest-api/src/app.controller.ts","statementMap":{"0":{"start":{"line":1,"column":0},"end":{"line":1,"column":49}},"1":{"start":{"line":2,"column":0},"end":{"line":2,"column":43}},"2":{"start":{"line":5,"column":0},"end":{"line":12,"column":null}},"3":{"start":{"line":6,"column":31},"end":{"line":6,"column":43}},"4":{"start":{"line":10,"column":4},"end":{"line":10,"column":38}},"5":{"start":{"line":9,"column":2},"end":{"line":11,"column":null}},"6":{"start":{"line":5,"column":13},"end":{"line":12,"column":null}},"7":{"start":{"line":5,"column":13},"end":{"line":5,"column":26}}},"fnMap":{"0":{"name":"(anonymous_2)","decl":{"start":{"line":6,"column":2},"end":{"line":6,"column":31}},"loc":{"start":{"line":6,"column":53},"end":{"line":6,"column":57}}},"1":{"name":"(anonymous_3)","decl":{"start":{"line":9,"column":2},"end":{"line":9,"column":10}},"loc":{"start":{"line":9,"column":10},"end":{"line":11,"column":3}}}},"branchMap":{},"s":{"0":1,"1":1,"2":1,"3":1,"4":1,"5":1,"6":1,"7":1},"f":{"0":1,"1":1},"b":{}}
,"/opt/lampp/htdocs/nest-api/src/app.service.ts": {"path":"/opt/lampp/htdocs/nest-api/src/app.service.ts","statementMap":{"0":{"start":{"line":1,"column":0},"end":{"line":1,"column":44}},"1":{"start":{"line":4,"column":0},"end":{"line":8,"column":null}},"2":{"start":{"line":6,"column":4},"end":{"line":6,"column":26}},"3":{"start":{"line":4,"column":13},"end":{"line":8,"column":null}},"4":{"start":{"line":4,"column":13},"end":{"line":4,"column":23}}},"fnMap":{"0":{"name":"(anonymous_1)","decl":{"start":{"line":5,"column":2},"end":{"line":5,"column":10}},"loc":{"start":{"line":5,"column":10},"end":{"line":7,"column":3}}}},"branchMap":{},"s":{"0":1,"1":1,"2":1,"3":1,"4":1},"f":{"0":1},"b":{}}
,"/opt/lampp/htdocs/nest-api/src/common/config/database.tokens.constants.ts": {"path":"/opt/lampp/htdocs/nest-api/src/common/config/database.tokens.constants.ts","statementMap":{"0":{"start":{"line":1,"column":13},"end":{"line":1,"column":59}},"1":{"start":{"line":2,"column":13},"end":{"line":2,"column":59}},"2":{"start":{"line":3,"column":13},"end":{"line":3,"column":55}}},"fnMap":{},"branchMap":{},"s":{"0":3,"1":3,"2":3},"f":{},"b":{}}
,"/opt/lampp/htdocs/nest-api/src/modules/auth/auth.service.ts": {"path":"/opt/lampp/htdocs/nest-api/src/modules/auth/auth.service.ts","statementMap":{"0":{"start":{"line":1,"column":0},"end":{"line":1,"column":52}},"1":{"start":{"line":2,"column":0},"end":{"line":2,"column":37}},"2":{"start":{"line":3,"column":0},"end":{"line":3,"column":null}},"3":{"start":{"line":10,"column":0},"end":{"line":10,"column":null}},"4":{"start":{"line":15,"column":0},"end":{"line":15,"column":33}},"5":{"start":{"line":19,"column":0},"end":{"line":75,"column":null}},"6":{"start":{"line":22,"column":21},"end":{"line":22,"column":37}},"7":{"start":{"line":24,"column":21},"end":{"line":24,"column":37}},"8":{"start":{"line":28,"column":4},"end":{"line":33,"column":null}},"9":{"start":{"line":29,"column":19},"end":{"line":29,"column":71}},"10":{"start":{"line":30,"column":6},"end":{"line":30,"column":44}},"11":{"start":{"line":32,"column":6},"end":{"line":32,"column":77}},"12":{"start":{"line":37,"column":4},"end":{"line":42,"column":null}},"13":{"start":{"line":38,"column":19},"end":{"line":38,"column":72}},"14":{"start":{"line":39,"column":6},"end":{"line":39,"column":40}},"15":{"start":{"line":41,"column":6},"end":{"line":41,"column":76}},"16":{"start":{"line":46,"column":17},"end":{"line":50,"column":6}},"17":{"start":{"line":51,"column":4},"end":{"line":53,"column":null}},"18":{"start":{"line":52,"column":6},"end":{"line":52,"column":24}},"19":{"start":{"line":54,"column":4},"end":{"line":58,"column":7}},"20":{"start":{"line":59,"column":4},"end":{"line":59,"column":16}},"21":{"start":{"line":63,"column":4},"end":{"line":66,"column":6}},"22":{"start":{"line":70,"column":4},"end":{"line":73,"column":6}},"23":{"start":{"line":19,"column":13},"end":{"line":75,"column":null}},"24":{"start":{"line":19,"column":13},"end":{"line":19,"column":24}}},"fnMap":{"0":{"name":"(anonymous_4)","decl":{"start":{"line":20,"column":2},"end":{"line":20,"column":null}},"loc":{"start":{"line":24,"column":53},"end":{"line":25,"column":6}}},"1":{"name":"(anonymous_5)","decl":{"start":{"line":27,"column":2},"end":{"line":27,"column":7}},"loc":{"start":{"line":27,"column":28},"end":{"line":34,"column":3}}},"2":{"name":"(anonymous_6)","decl":{"start":{"line":36,"column":2},"end":{"line":36,"column":7}},"loc":{"start":{"line":36,"column":29},"end":{"line":43,"column":3}}},"3":{"name":"(anonymous_7)","decl":{"start":{"line":45,"column":10},"end":{"line":45,"column":15}},"loc":{"start":{"line":45,"column":43},"end":{"line":60,"column":3}}},"4":{"name":"(anonymous_8)","decl":{"start":{"line":62,"column":10},"end":{"line":62,"column":24}},"loc":{"start":{"line":62,"column":36},"end":{"line":67,"column":3}}},"5":{"name":"(anonymous_9)","decl":{"start":{"line":69,"column":10},"end":{"line":69,"column":20}},"loc":{"start":{"line":69,"column":32},"end":{"line":74,"column":3}}}},"branchMap":{"0":{"loc":{"start":{"line":51,"column":4},"end":{"line":53,"column":null}},"type":"if","locations":[{"start":{"line":51,"column":4},"end":{"line":53,"column":null}},{"start":{"line":51,"column":4},"end":{"line":53,"column":null}}]}},"s":{"0":1,"1":1,"2":1,"3":1,"4":1,"5":1,"6":6,"7":6,"8":3,"9":3,"10":1,"11":2,"12":3,"13":3,"14":1,"15":2,"16":6,"17":6,"18":2,"19":4,"20":2,"21":1,"22":1,"23":1,"24":1},"f":{"0":6,"1":3,"2":3,"3":6,"4":1,"5":1},"b":{"0":[2,4]}}
,"/opt/lampp/htdocs/nest-api/src/modules/auth/constants/auth.constants.ts": {"path":"/opt/lampp/htdocs/nest-api/src/modules/auth/constants/auth.constants.ts","statementMap":{"0":{"start":{"line":1,"column":13},"end":{"line":4,"column":2}},"1":{"start":{"line":6,"column":13},"end":{"line":6,"column":29}},"2":{"start":{"line":7,"column":13},"end":{"line":7,"column":31}},"3":{"start":{"line":9,"column":13},"end":{"line":9,"column":39}},"4":{"start":{"line":10,"column":13},"end":{"line":10,"column":32}},"5":{"start":{"line":11,"column":13},"end":{"line":11,"column":52}}},"fnMap":{},"branchMap":{},"s":{"0":1,"1":1,"2":1,"3":1,"4":1,"5":1},"f":{},"b":{}}
,"/opt/lampp/htdocs/nest-api/src/modules/auth/entities/auth.entity.ts": {"path":"/opt/lampp/htdocs/nest-api/src/modules/auth/entities/auth.entity.ts","statementMap":{"0":{"start":{"line":1,"column":0},"end":{"line":1,"column":76}},"1":{"start":{"line":2,"column":0},"end":{"line":2,"column":56}},"2":{"start":{"line":4,"column":0},"end":{"line":16,"column":null}},"3":{"start":{"line":6,"column":2},"end":{"line":6,"column":null}},"4":{"start":{"line":8,"column":2},"end":{"line":8,"column":null}},"5":{"start":{"line":10,"column":2},"end":{"line":10,"column":null}},"6":{"start":{"line":9,"column":19},"end":{"line":9,"column":23}},"7":{"start":{"line":9,"column":33},"end":{"line":9,"column":41}},"8":{"start":{"line":15,"column":2},"end":{"line":15,"column":null}},"9":{"start":{"line":4,"column":13},"end":{"line":16,"column":null}},"10":{"start":{"line":4,"column":13},"end":{"line":4,"column":23}}},"fnMap":{"0":{"name":"(anonymous_2)","decl":{"start":{"line":9,"column":13},"end":{"line":9,"column":16}},"loc":{"start":{"line":9,"column":19},"end":{"line":9,"column":23}}},"1":{"name":"(anonymous_3)","decl":{"start":{"line":9,"column":25},"end":{"line":9,"column":29}},"loc":{"start":{"line":9,"column":33},"end":{"line":9,"column":41}}}},"branchMap":{},"s":{"0":2,"1":2,"2":2,"3":2,"4":2,"5":2,"6":0,"7":0,"8":2,"9":2,"10":2},"f":{"0":0,"1":0},"b":{}}
,"/opt/lampp/htdocs/nest-api/src/modules/users/constants/users.constans.ts": {"path":"/opt/lampp/htdocs/nest-api/src/modules/users/constants/users.constans.ts","statementMap":{"0":{"start":{"line":1,"column":13},"end":{"line":1,"column":60}},"1":{"start":{"line":2,"column":13},"end":{"line":15,"column":2}},"2":{"start":{"line":16,"column":13},"end":{"line":16,"column":41}},"3":{"start":{"line":17,"column":13},"end":{"line":17,"column":40}},"4":{"start":{"line":18,"column":13},"end":{"line":18,"column":41}},"5":{"start":{"line":19,"column":13},"end":{"line":19,"column":39}},"6":{"start":{"line":20,"column":13},"end":{"line":20,"column":35}},"7":{"start":{"line":21,"column":13},"end":{"line":21,"column":34}}},"fnMap":{},"branchMap":{},"s":{"0":2,"1":2,"2":2,"3":2,"4":2,"5":2,"6":2,"7":2},"f":{},"b":{}}
,"/opt/lampp/htdocs/nest-api/src/modules/users/controllers/user.controller.ts": {"path":"/opt/lampp/htdocs/nest-api/src/modules/users/controllers/user.controller.ts","statementMap":{"0":{"start":{"line":1,"column":0},"end":{"line":1,"column":61}},"1":{"start":{"line":3,"column":0},"end":{"line":3,"column":56}},"2":{"start":{"line":6,"column":0},"end":{"line":18,"column":null}},"3":{"start":{"line":7,"column":22},"end":{"line":7,"column":35}},"4":{"start":{"line":11,"column":4},"end":{"line":11,"column":49}},"5":{"start":{"line":16,"column":4},"end":{"line":16,"column":45}},"6":{"start":{"line":10,"column":2},"end":{"line":12,"column":null}},"7":{"start":{"line":15,"column":2},"end":{"line":17,"column":null}},"8":{"start":{"line":6,"column":13},"end":{"line":18,"column":null}},"9":{"start":{"line":6,"column":13},"end":{"line":6,"column":27}}},"fnMap":{"0":{"name":"(anonymous_4)","decl":{"start":{"line":7,"column":2},"end":{"line":7,"column":22}},"loc":{"start":{"line":7,"column":46},"end":{"line":7,"column":50}}},"1":{"name":"(anonymous_5)","decl":{"start":{"line":10,"column":2},"end":{"line":10,"column":10}},"loc":{"start":{"line":10,"column":10},"end":{"line":12,"column":3}}},"2":{"name":"(anonymous_6)","decl":{"start":{"line":15,"column":2},"end":{"line":15,"column":9}},"loc":{"start":{"line":15,"column":55},"end":{"line":17,"column":3}}}},"branchMap":{},"s":{"0":1,"1":1,"2":1,"3":2,"4":1,"5":1,"6":1,"7":1,"8":1,"9":1},"f":{"0":2,"1":1,"2":1},"b":{}}
,"/opt/lampp/htdocs/nest-api/src/modules/users/entities/user-schedule.entity.ts": {"path":"/opt/lampp/htdocs/nest-api/src/modules/users/entities/user-schedule.entity.ts","statementMap":{"0":{"start":{"line":1,"column":0},"end":{"line":1,"column":76}},"1":{"start":{"line":2,"column":0},"end":{"line":2,"column":37}},"2":{"start":{"line":5,"column":0},"end":{"line":21,"column":null}},"3":{"start":{"line":8,"column":2},"end":{"line":8,"column":null}},"4":{"start":{"line":11,"column":2},"end":{"line":11,"column":null}},"5":{"start":{"line":14,"column":2},"end":{"line":14,"column":null}},"6":{"start":{"line":17,"column":2},"end":{"line":17,"column":null}},"7":{"start":{"line":20,"column":2},"end":{"line":20,"column":null}},"8":{"start":{"line":19,"column":19},"end":{"line":19,"column":23}},"9":{"start":{"line":19,"column":33},"end":{"line":19,"column":46}},"10":{"start":{"line":5,"column":13},"end":{"line":21,"column":null}},"11":{"start":{"line":5,"column":13},"end":{"line":5,"column":25}}},"fnMap":{"0":{"name":"(anonymous_2)","decl":{"start":{"line":19,"column":13},"end":{"line":19,"column":16}},"loc":{"start":{"line":19,"column":19},"end":{"line":19,"column":23}}},"1":{"name":"(anonymous_3)","decl":{"start":{"line":19,"column":25},"end":{"line":19,"column":29}},"loc":{"start":{"line":19,"column":33},"end":{"line":19,"column":46}}}},"branchMap":{},"s":{"0":2,"1":2,"2":2,"3":2,"4":2,"5":2,"6":2,"7":2,"8":0,"9":0,"10":2,"11":2},"f":{"0":0,"1":0},"b":{}}
,"/opt/lampp/htdocs/nest-api/src/modules/users/entities/user.entity.ts": {"path":"/opt/lampp/htdocs/nest-api/src/modules/users/entities/user.entity.ts","statementMap":{"0":{"start":{"line":1,"column":0},"end":{"line":1,"column":67}},"1":{"start":{"line":2,"column":0},"end":{"line":2,"column":54}},"2":{"start":{"line":3,"column":0},"end":{"line":3,"column":61}},"3":{"start":{"line":5,"column":0},"end":{"line":23,"column":null}},"4":{"start":{"line":8,"column":2},"end":{"line":8,"column":null}},"5":{"start":{"line":11,"column":2},"end":{"line":11,"column":null}},"6":{"start":{"line":14,"column":2},"end":{"line":14,"column":null}},"7":{"start":{"line":13,"column":21},"end":{"line":13,"column":31}},"8":{"start":{"line":13,"column":41},"end":{"line":13,"column":50}},"9":{"start":{"line":19,"column":2},"end":{"line":19,"column":null}},"10":{"start":{"line":22,"column":2},"end":{"line":22,"column":null}},"11":{"start":{"line":21,"column":21},"end":{"line":21,"column":33}},"12":{"start":{"line":21,"column":51},"end":{"line":21,"column":68}},"13":{"start":{"line":5,"column":13},"end":{"line":23,"column":null}},"14":{"start":{"line":5,"column":13},"end":{"line":5,"column":17}}},"fnMap":{"0":{"name":"(anonymous_2)","decl":{"start":{"line":13,"column":13},"end":{"line":13,"column":17}},"loc":{"start":{"line":13,"column":21},"end":{"line":13,"column":31}}},"1":{"name":"(anonymous_3)","decl":{"start":{"line":13,"column":33},"end":{"line":13,"column":37}},"loc":{"start":{"line":13,"column":41},"end":{"line":13,"column":50}}},"2":{"name":"(anonymous_4)","decl":{"start":{"line":21,"column":13},"end":{"line":21,"column":17}},"loc":{"start":{"line":21,"column":21},"end":{"line":21,"column":33}}},"3":{"name":"(anonymous_5)","decl":{"start":{"line":21,"column":35},"end":{"line":21,"column":47}},"loc":{"start":{"line":21,"column":51},"end":{"line":21,"column":68}}}},"branchMap":{},"s":{"0":2,"1":2,"2":2,"3":2,"4":2,"5":2,"6":2,"7":0,"8":0,"9":2,"10":2,"11":0,"12":0,"13":2,"14":2},"f":{"0":0,"1":0,"2":0,"3":0},"b":{}}
,"/opt/lampp/htdocs/nest-api/src/modules/users/services/users.service.ts": {"path":"/opt/lampp/htdocs/nest-api/src/modules/users/services/users.service.ts","statementMap":{"0":{"start":{"line":1,"column":0},"end":{"line":1,"column":67}},"1":{"start":{"line":2,"column":0},"end":{"line":2,"column":52}},"2":{"start":{"line":3,"column":0},"end":{"line":3,"column":89}},"3":{"start":{"line":4,"column":0},"end":{"line":4,"column":37}},"4":{"start":{"line":5,"column":0},"end":{"line":5,"column":33}},"5":{"start":{"line":6,"column":0},"end":{"line":6,"column":null}},"6":{"start":{"line":17,"column":0},"end":{"line":90,"column":null}},"7":{"start":{"line":20,"column":21},"end":{"line":20,"column":38}},"8":{"start":{"line":24,"column":4},"end":{"line":28,"column":17}},"9":{"start":{"line":31,"column":4},"end":{"line":31,"column":73}},"10":{"start":{"line":35,"column":17},"end":{"line":35,"column":42}},"11":{"start":{"line":36,"column":22},"end":{"line":36,"column":36}},"12":{"start":{"line":37,"column":20},"end":{"line":37,"column":68}},"13":{"start":{"line":38,"column":22},"end":{"line":38,"column":42}},"14":{"start":{"line":40,"column":18},"end":{"line":65,"column":16}},"15":{"start":{"line":66,"column":4},"end":{"line":66,"column":17}},"16":{"start":{"line":72,"column":4},"end":{"line":79,"column":6}},"17":{"start":{"line":73,"column":6},"end":{"line":77,"column":null}},"18":{"start":{"line":83,"column":4},"end":{"line":88,"column":6}},"19":{"start":{"line":17,"column":13},"end":{"line":90,"column":null}},"20":{"start":{"line":17,"column":13},"end":{"line":17,"column":24}}},"fnMap":{"0":{"name":"(anonymous_4)","decl":{"start":{"line":18,"column":2},"end":{"line":18,"column":null}},"loc":{"start":{"line":20,"column":60},"end":{"line":21,"column":6}}},"1":{"name":"(anonymous_5)","decl":{"start":{"line":23,"column":9},"end":{"line":23,"column":27}},"loc":{"start":{"line":23,"column":27},"end":{"line":29,"column":3}}},"2":{"name":"(anonymous_6)","decl":{"start":{"line":30,"column":9},"end":{"line":30,"column":16}},"loc":{"start":{"line":30,"column":54},"end":{"line":32,"column":3}}},"3":{"name":"(anonymous_7)","decl":{"start":{"line":34,"column":9},"end":{"line":34,"column":33}},"loc":{"start":{"line":34,"column":33},"end":{"line":67,"column":3}}},"4":{"name":"(anonymous_8)","decl":{"start":{"line":69,"column":10},"end":{"line":69,"column":47}},"loc":{"start":{"line":70,"column":27},"end":{"line":80,"column":3}}},"5":{"name":"(anonymous_9)","decl":{"start":{"line":72,"column":36},"end":{"line":72,"column":41}},"loc":{"start":{"line":73,"column":6},"end":{"line":77,"column":null}}},"6":{"name":"(anonymous_10)","decl":{"start":{"line":82,"column":10},"end":{"line":82,"column":19}},"loc":{"start":{"line":82,"column":39},"end":{"line":89,"column":3}}}},"branchMap":{"0":{"loc":{"start":{"line":49,"column":14},"end":{"line":49,"column":60}},"type":"cond-expr","locations":[{"start":{"line":49,"column":14},"end":{"line":49,"column":60}},{"start":{"line":50,"column":14},"end":{"line":50,"column":58}}]},"1":{"loc":{"start":{"line":52,"column":14},"end":{"line":52,"column":59}},"type":"cond-expr","locations":[{"start":{"line":52,"column":14},"end":{"line":52,"column":59}},{"start":{"line":53,"column":14},"end":{"line":53,"column":57}}]}},"s":{"0":2,"1":2,"2":2,"3":2,"4":2,"5":2,"6":2,"7":17,"8":1,"9":1,"10":15,"11":15,"12":15,"13":15,"14":15,"15":15,"16":15,"17":130,"18":15,"19":2,"20":2},"f":{"0":17,"1":1,"2":1,"3":15,"4":15,"5":130,"6":15},"b":{"0":[5,10],"1":[5,10]}}
}
