TN:
SF:/opt/lampp/htdocs/nest-api/src/app.controller.ts
FN:6,(anonymous_2)
FN:9,(anonymous_3)
FNF:2
FNH:2
FNDA:1,(anonymous_2)
FNDA:1,(anonymous_3)
DA:1,1
DA:2,1
DA:5,1
DA:6,1
DA:9,1
DA:10,1
LF:6
LH:6
BRF:0
BRH:0
end_of_record
TN:
SF:/opt/lampp/htdocs/nest-api/src/app.service.ts
FN:5,(anonymous_1)
FNF:1
FNH:1
FNDA:1,(anonymous_1)
DA:1,1
DA:4,1
DA:6,1
LF:3
LH:3
BRF:0
BRH:0
end_of_record
TN:
SF:/opt/lampp/htdocs/nest-api/src/common/config/database.tokens.constants.ts
FNF:0
FNH:0
DA:1,3
DA:2,3
DA:3,3
LF:3
LH:3
BRF:0
BRH:0
end_of_record
TN:
SF:/opt/lampp/htdocs/nest-api/src/modules/auth/auth.service.ts
FN:20,(anonymous_4)
FN:27,(anonymous_5)
FN:36,(anonymous_6)
FN:45,(anonymous_7)
FN:62,(anonymous_8)
FN:69,(anonymous_9)
FNF:6
FNH:6
FNDA:6,(anonymous_4)
FNDA:3,(anonymous_5)
FNDA:3,(anonymous_6)
FNDA:6,(anonymous_7)
FNDA:1,(anonymous_8)
FNDA:1,(anonymous_9)
DA:1,1
DA:2,1
DA:3,1
DA:10,1
DA:15,1
DA:19,1
DA:22,6
DA:24,6
DA:28,3
DA:29,3
DA:30,1
DA:32,2
DA:37,3
DA:38,3
DA:39,1
DA:41,2
DA:46,6
DA:51,6
DA:52,2
DA:54,4
DA:59,2
DA:63,1
DA:70,1
LF:23
LH:23
BRDA:51,0,0,2
BRDA:51,0,1,4
BRF:2
BRH:2
end_of_record
TN:
SF:/opt/lampp/htdocs/nest-api/src/modules/auth/constants/auth.constants.ts
FNF:0
FNH:0
DA:1,1
DA:6,1
DA:7,1
DA:9,1
DA:10,1
DA:11,1
LF:6
LH:6
BRF:0
BRH:0
end_of_record
TN:
SF:/opt/lampp/htdocs/nest-api/src/modules/auth/entities/auth.entity.ts
FN:9,(anonymous_2)
FN:9,(anonymous_3)
FNF:2
FNH:0
FNDA:0,(anonymous_2)
FNDA:0,(anonymous_3)
DA:1,2
DA:2,2
DA:4,2
DA:6,2
DA:8,2
DA:9,0
DA:10,2
DA:15,2
LF:8
LH:7
BRF:0
BRH:0
end_of_record
TN:
SF:/opt/lampp/htdocs/nest-api/src/modules/users/constants/users.constans.ts
FNF:0
FNH:0
DA:1,2
DA:2,2
DA:16,2
DA:17,2
DA:18,2
DA:19,2
DA:20,2
DA:21,2
LF:8
LH:8
BRF:0
BRH:0
end_of_record
TN:
SF:/opt/lampp/htdocs/nest-api/src/modules/users/controllers/user.controller.ts
FN:7,(anonymous_4)
FN:10,(anonymous_5)
FN:15,(anonymous_6)
FNF:3
FNH:3
FNDA:2,(anonymous_4)
FNDA:1,(anonymous_5)
FNDA:1,(anonymous_6)
DA:1,1
DA:3,1
DA:6,1
DA:7,2
DA:10,1
DA:11,1
DA:15,1
DA:16,1
LF:8
LH:8
BRF:0
BRH:0
end_of_record
TN:
SF:/opt/lampp/htdocs/nest-api/src/modules/users/entities/user-schedule.entity.ts
FN:19,(anonymous_2)
FN:19,(anonymous_3)
FNF:2
FNH:0
FNDA:0,(anonymous_2)
FNDA:0,(anonymous_3)
DA:1,2
DA:2,2
DA:5,2
DA:8,2
DA:11,2
DA:14,2
DA:17,2
DA:19,0
DA:20,2
LF:9
LH:8
BRF:0
BRH:0
end_of_record
TN:
SF:/opt/lampp/htdocs/nest-api/src/modules/users/entities/user.entity.ts
FN:13,(anonymous_2)
FN:13,(anonymous_3)
FN:21,(anonymous_4)
FN:21,(anonymous_5)
FNF:4
FNH:0
FNDA:0,(anonymous_2)
FNDA:0,(anonymous_3)
FNDA:0,(anonymous_4)
FNDA:0,(anonymous_5)
DA:1,2
DA:2,2
DA:3,2
DA:5,2
DA:8,2
DA:11,2
DA:13,0
DA:14,2
DA:19,2
DA:21,0
DA:22,2
LF:11
LH:9
BRF:0
BRH:0
end_of_record
TN:
SF:/opt/lampp/htdocs/nest-api/src/modules/users/services/users.service.ts
FN:18,(anonymous_4)
FN:23,(anonymous_5)
FN:30,(anonymous_6)
FN:34,(anonymous_7)
FN:69,(anonymous_8)
FN:72,(anonymous_9)
FN:82,(anonymous_10)
FNF:7
FNH:7
FNDA:17,(anonymous_4)
FNDA:1,(anonymous_5)
FNDA:1,(anonymous_6)
FNDA:15,(anonymous_7)
FNDA:15,(anonymous_8)
FNDA:130,(anonymous_9)
FNDA:15,(anonymous_10)
DA:1,2
DA:2,2
DA:3,2
DA:4,2
DA:5,2
DA:6,2
DA:17,2
DA:20,17
DA:24,1
DA:31,1
DA:35,15
DA:36,15
DA:37,15
DA:38,15
DA:40,15
DA:66,15
DA:72,15
DA:73,130
DA:83,15
LF:19
LH:19
BRDA:49,0,0,5
BRDA:49,0,1,10
BRDA:52,1,0,5
BRDA:52,1,1,10
BRF:4
BRH:4
end_of_record
